<?xml version="1.0" encoding="UTF-8"?>
<!-- Generated by org.testng.reporters.JUnitReportReporter -->
<testsuite hostname="DESKTOP-08KK0IC" failures="0" tests="2" name="day17.AnnotationsDemo1" time="0.018" errors="0" timestamp="2025-02-17T09:23:30 IST" skipped="0">
  <testcase classname="day17.AnnotationsDemo1" name="search" time="0.015"/>
  <testcase classname="day17.AnnotationsDemo1" name="advsearch" time="0.003"/>
</testsuite> <!-- day17.AnnotationsDemo1 -->
