<?xml version="1.0" encoding="UTF-8"?>
<!-- Generated by org.testng.reporters.JUnitReportReporter -->
<testsuite hostname="DESKTOP-08KK0IC" failures="0" tests="4" name="day16_TestNg.OrangeHRMTest" time="7.833" errors="0" timestamp="2025-02-16T11:37:25 IST" skipped="0">
  <testcase classname="day16_TestNg.OrangeHRMTest" name="openapp" time="4.464"/>
  <testcase classname="day16_TestNg.OrangeHRMTest" name="testLogo" time="3.067"/>
  <testcase classname="day16_TestNg.OrangeHRMTest" name="testLogin" time="0.157"/>
  <testcase classname="day16_TestNg.OrangeHRMTest" name="closeApp" time="0.145"/>
</testsuite> <!-- day16_TestNg.OrangeHRMTest -->
