<?xml version="1.0" encoding="UTF-8"?>
<!-- Generated by org.testng.reporters.JUnitReportReporter -->
<testsuite hostname="DESKTOP-08KK0IC" failures="0" tests="2" name="day17.AnnotationsDemo2" time="0.008" errors="0" timestamp="2025-02-17T09:32:29 IST" skipped="0">
  <testcase classname="day17.AnnotationsDemo2" name="search" time="0.006"/>
  <testcase classname="day17.AnnotationsDemo2" name="advsearch" time="0.002"/>
</testsuite> <!-- day17.AnnotationsDemo2 -->
