<?xml version="1.0" encoding="UTF-8"?>
<!-- Generated by org.testng.reporters.JUnitReportReporter -->
<testsuite hostname="DESKTOP-08KK0IC" failures="0" tests="3" name="day18.LoginTests" time="0.013" errors="0" timestamp="2025-02-18T10:31:29 IST" skipped="0">
  <testcase classname="day18.LoginTests" name="loginByEmail" time="0.011"/>
  <testcase classname="day18.LoginTests" name="loginByFacebook" time="0.001"/>
  <testcase classname="day18.LoginTests" name="loginByTwitter" time="0.001"/>
</testsuite> <!-- day18.LoginTests -->
