<?xml version="1.0" encoding="UTF-8"?>
<!-- Generated by org.testng.reporters.JUnitReportReporter -->
<testsuite hostname="DESKTOP-08KK0IC" failures="0" tests="9" name="day19.ParamTest" time="0.153" errors="0" timestamp="2025-02-18T16:22:28 IST" skipped="0">
  <testcase classname="day19.ParamTest" name="testLogo" time="0.027"/>
  <testcase classname="day19.ParamTest" name="testLogo" time="0.043"/>
  <testcase classname="day19.ParamTest" name="testLogo" time="0.042"/>
  <testcase classname="day19.ParamTest" name="testTitle" time="0.008"/>
  <testcase classname="day19.ParamTest" name="testTitle" time="0.004"/>
  <testcase classname="day19.ParamTest" name="testTitle" time="0.011"/>
  <testcase classname="day19.ParamTest" name="testURL" time="0.009"/>
  <testcase classname="day19.ParamTest" name="testURL" time="0.004"/>
  <testcase classname="day19.ParamTest" name="testURL" time="0.005"/>
</testsuite> <!-- day19.ParamTest -->
