<?xml version="1.0" encoding="UTF-8"?>
<!-- Generated by org.testng.reporters.JUnitReportReporter -->
<testsuite hostname="DESKTOP-08KK0IC" failures="0" tests="2" name="day18.PaymentTests" time="0.011" errors="0" timestamp="2025-02-18T10:36:03 IST" skipped="0">
  <testcase classname="day18.PaymentTests" name="paymentInRupees" time="0.010"/>
  <testcase classname="day18.PaymentTests" name="paymentInDollers" time="0.001"/>
</testsuite> <!-- day18.PaymentTests -->
