<?xml version="1.0" encoding="UTF-8"?>
<!-- Generated by org.testng.reporters.JUnitReportReporter -->
<testsuite hostname="DESKTOP-08KK0IC" failures="0" tests="1" name="day22.Login_ORG" time="3.610" errors="0" timestamp="2025-02-26T10:06:38 IST" skipped="0">
  <testcase classname="day22.Login_ORG" name="testLogin" time="3.610"/>
</testsuite> <!-- day22.Login_ORG -->
