<?xml version="1.0" encoding="UTF-8"?>
<!-- Generated by org.testng.reporters.JUnitReportReporter -->
<testsuite hostname="DESKTOP-08KK0IC" failures="0" tests="2" name="day17pack.c1" time="0.009" errors="0" timestamp="2025-02-17T10:19:33 IST" skipped="0">
  <testcase classname="day17pack.c1" name="abc" time="0.007"/>
  <testcase classname="day17pack.c1" name="abc" time="0.002"/>
</testsuite> <!-- day17pack.c1 -->
