<?xml version="1.0" encoding="UTF-8"?>
<!-- Generated by org.testng.reporters.JUnitReportReporter -->
<testsuite hostname="DESKTOP-08KK0IC" failures="0" tests="2" name="day17pack.c3" time="0.004" errors="0" timestamp="2025-02-17T10:19:33 IST" skipped="0">
  <testcase classname="day17pack.c3" name="pqr" time="0.001"/>
  <testcase classname="day17pack.c3" name="pqr" time="0.003"/>
</testsuite> <!-- day17pack.c3 -->
