<?xml version="1.0" encoding="UTF-8"?>
<!-- Generated by org.testng.reporters.JUnitReportReporter -->
<testsuite hostname="DESKTOP-08KK0IC" failures="0" tests="3" name="day16_TestNg.FirstTestCase" time="0.004" errors="0" timestamp="2025-02-16T11:37:25 IST" skipped="0">
  <testcase classname="day16_TestNg.FirstTestCase" name="openapp" time="0.001"/>
  <testcase classname="day16_TestNg.FirstTestCase" name="login" time="0.001"/>
  <testcase classname="day16_TestNg.FirstTestCase" name="logout" time="0.002"/>
</testsuite> <!-- day16_TestNg.FirstTestCase -->
