<?xml version="1.0" encoding="UTF-8"?>
<!-- Generated by org.testng.reporters.JUnitReportReporter -->
<testsuite hostname="DESKTOP-08KK0IC" failures="0" tests="1" name="day21.LoginTest" time="2.308" errors="0" timestamp="2025-02-26T08:57:22 IST" skipped="0">
  <testcase classname="day21.LoginTest" name="testLogin" time="2.308"/>
</testsuite> <!-- day21.LoginTest -->
