<?xml version="1.0" encoding="UTF-8"?>
<!-- Generated by org.testng.reporters.JUnitReportReporter -->
<testsuite hostname="DESKTOP-08KK0IC" failures="0" tests="3" name="day18.SignupTests" time="0.004" errors="0" timestamp="2025-02-18T10:23:37 IST" skipped="0">
  <testcase classname="day18.SignupTests" name="signupByEmail" time="0.002"/>
  <testcase classname="day18.SignupTests" name="signupByFacebook" time="0.001"/>
  <testcase classname="day18.SignupTests" name="signupByTwitter" time="0.001"/>
</testsuite> <!-- day18.SignupTests -->
